  오목.c
C:\Users\Pc\Desktop\C-gomoku\오목만들기\오목만들기\오목.c(1,1): warning C4819: 현재 코드 페이지(949)에서 표시할 수 없는 문자가 파일에 들어 있습니다. 데이터가 손실되지 않게 하려면 해당 파일을 유니코드 형식으로 저장하십시오.
C:\Users\Pc\Desktop\C-gomoku\오목만들기\오목만들기\오목.c(73,27): warning C4133: '=': 'char [14]'과(와) 'LPCWSTR' 사이의 형식이 호환되지 않습니다.
C:\Users\Pc\Desktop\C-gomoku\오목만들기\오목만들기\오목.c(74,26): warning C4133: '=': 'char [10]'과(와) 'LPCWSTR' 사이의 형식이 호환되지 않습니다.
C:\Users\Pc\Desktop\C-gomoku\오목만들기\오목만들기\오목.c(75,87): warning C4311: '형식 캐스트': 'LPVOID'에서 'DWORD'(으)로 포인터가 잘립니다.
C:\Users\Pc\Desktop\C-gomoku\오목만들기\오목만들기\오목.c(77,77): warning C4311: '형식 캐스트': 'LPVOID'에서 'DWORD'(으)로 포인터가 잘립니다.
C:\Users\Pc\Desktop\C-gomoku\오목만들기\오목만들기\오목.c(82,35): warning C4133: '=': 'char [14]'과(와) 'LPCWSTR' 사이의 형식이 호환되지 않습니다.
C:\Users\Pc\Desktop\C-gomoku\오목만들기\오목만들기\오목.c(83,34): warning C4133: '=': 'char [10]'과(와) 'LPCWSTR' 사이의 형식이 호환되지 않습니다.
C:\Users\Pc\Desktop\C-gomoku\오목만들기\오목만들기\오목.c(84,95): warning C4311: '형식 캐스트': 'LPVOID'에서 'DWORD'(으)로 포인터가 잘립니다.
C:\Users\Pc\Desktop\C-gomoku\오목만들기\오목만들기\오목.c(86,76): warning C4311: '형식 캐스트': 'LPVOID'에서 'DWORD'(으)로 포인터가 잘립니다.
C:\Users\Pc\Desktop\C-gomoku\오목만들기\오목만들기\오목.c(104,13): error C2001: 상수에 줄 바꿈 문자가 있습니다.
C:\Users\Pc\Desktop\C-gomoku\오목만들기\오목만들기\오목.c(105,5): error C2143: 구문 오류: ')'이(가) '}' 앞에 없습니다.
C:\Users\Pc\Desktop\C-gomoku\오목만들기\오목만들기\오목.c(108,13): error C2001: 상수에 줄 바꿈 문자가 있습니다.
C:\Users\Pc\Desktop\C-gomoku\오목만들기\오목만들기\오목.c(112,13): error C2001: 상수에 줄 바꿈 문자가 있습니다.
C:\Users\Pc\Desktop\C-gomoku\오목만들기\오목만들기\오목.c(119,13): error C2001: 상수에 줄 바꿈 문자가 있습니다.
C:\Users\Pc\Desktop\C-gomoku\오목만들기\오목만들기\오목.c(123,13): error C2001: 상수에 줄 바꿈 문자가 있습니다.
C:\Users\Pc\Desktop\C-gomoku\오목만들기\오목만들기\오목.c(127,13): error C2001: 상수에 줄 바꿈 문자가 있습니다.
C:\Users\Pc\Desktop\C-gomoku\오목만들기\오목만들기\오목.c(134,13): error C2001: 상수에 줄 바꿈 문자가 있습니다.
C:\Users\Pc\Desktop\C-gomoku\오목만들기\오목만들기\오목.c(138,13): error C2001: 상수에 줄 바꿈 문자가 있습니다.
C:\Users\Pc\Desktop\C-gomoku\오목만들기\오목만들기\오목.c(142,13): error C2001: 상수에 줄 바꿈 문자가 있습니다.
C:\Users\Pc\Desktop\C-gomoku\오목만들기\오목만들기\오목.c(156,1): error C2143: 구문 오류: ';'이(가) '{' 앞에 없습니다.
C:\Users\Pc\Desktop\C-gomoku\오목만들기\오목만들기\오목.c(157,11): error C2065: 'maps': 선언되지 않은 식별자입니다.
C:\Users\Pc\Desktop\C-gomoku\오목만들기\오목만들기\오목.c(157,13): error C2065: 'st': 선언되지 않은 식별자입니다.
C:\Users\Pc\Desktop\C-gomoku\오목만들기\오목만들기\오목.c(157,14): error C2224: '.y' 왼쪽에는 구조체/공용 구조체 형식이 있어야 합니다.
C:\Users\Pc\Desktop\C-gomoku\오목만들기\오목만들기\오목.c(157,19): error C2065: 'st': 선언되지 않은 식별자입니다.
C:\Users\Pc\Desktop\C-gomoku\오목만들기\오목만들기\오목.c(157,20): error C2224: '.x' 왼쪽에는 구조체/공용 구조체 형식이 있어야 합니다.
C:\Users\Pc\Desktop\C-gomoku\오목만들기\오목만들기\오목.c(157,30): error C2065: 'flag': 선언되지 않은 식별자입니다.
C:\Users\Pc\Desktop\C-gomoku\오목만들기\오목만들기\오목.c(159,11): warning C4098: 'Board': 'void' 함수에서 값을 반환하고 있습니다.
C:\Users\Pc\Desktop\C-gomoku\오목만들기\오목만들기\오목.c(161,8): error C2065: 'u': 선언되지 않은 식별자입니다.
C:\Users\Pc\Desktop\C-gomoku\오목만들기\오목만들기\오목.c(163,5): error C2065: 'st': 선언되지 않은 식별자입니다.
C:\Users\Pc\Desktop\C-gomoku\오목만들기\오목만들기\오목.c(163,6): error C2224: '.y' 왼쪽에는 구조체/공용 구조체 형식이 있어야 합니다.
C:\Users\Pc\Desktop\C-gomoku\오목만들기\오목만들기\오목.c(163,13): error C2065: 'ud': 선언되지 않은 식별자입니다.
C:\Users\Pc\Desktop\C-gomoku\오목만들기\오목만들기\오목.c(165,13): error C2065: 'u': 선언되지 않은 식별자입니다.
C:\Users\Pc\Desktop\C-gomoku\오목만들기\오목만들기\오목.c(167,5): error C2065: 'st': 선언되지 않은 식별자입니다.
C:\Users\Pc\Desktop\C-gomoku\오목만들기\오목만들기\오목.c(167,6): error C2224: '.x' 왼쪽에는 구조체/공용 구조체 형식이 있어야 합니다.
C:\Users\Pc\Desktop\C-gomoku\오목만들기\오목만들기\오목.c(167,13): error C2065: 'ud': 선언되지 않은 식별자입니다.
C:\Users\Pc\Desktop\C-gomoku\오목만들기\오목만들기\오목.c(169,13): error C2065: 'u': 선언되지 않은 식별자입니다.
C:\Users\Pc\Desktop\C-gomoku\오목만들기\오목만들기\오목.c(171,5): error C2065: 'st': 선언되지 않은 식별자입니다.
C:\Users\Pc\Desktop\C-gomoku\오목만들기\오목만들기\오목.c(171,6): error C2224: '.x' 왼쪽에는 구조체/공용 구조체 형식이 있어야 합니다.
C:\Users\Pc\Desktop\C-gomoku\오목만들기\오목만들기\오목.c(171,13): error C2065: 'ud': 선언되지 않은 식별자입니다.
C:\Users\Pc\Desktop\C-gomoku\오목만들기\오목만들기\오목.c(172,5): error C2065: 'st': 선언되지 않은 식별자입니다.
C:\Users\Pc\Desktop\C-gomoku\오목만들기\오목만들기\오목.c(172,6): error C2224: '.y' 왼쪽에는 구조체/공용 구조체 형식이 있어야 합니다.
C:\Users\Pc\Desktop\C-gomoku\오목만들기\오목만들기\오목.c(172,13): error C2065: 'ud': 선언되지 않은 식별자입니다.
C:\Users\Pc\Desktop\C-gomoku\오목만들기\오목만들기\오목.c(176,5): error C2065: 'st': 선언되지 않은 식별자입니다.
C:\Users\Pc\Desktop\C-gomoku\오목만들기\오목만들기\오목.c(176,6): error C2224: '.x' 왼쪽에는 구조체/공용 구조체 형식이 있어야 합니다.
C:\Users\Pc\Desktop\C-gomoku\오목만들기\오목만들기\오목.c(176,13): error C2065: 'ud': 선언되지 않은 식별자입니다.
C:\Users\Pc\Desktop\C-gomoku\오목만들기\오목만들기\오목.c(177,5): error C2065: 'st': 선언되지 않은 식별자입니다.
C:\Users\Pc\Desktop\C-gomoku\오목만들기\오목만들기\오목.c(177,6): error C2224: '.y' 왼쪽에는 구조체/공용 구조체 형식이 있어야 합니다.
C:\Users\Pc\Desktop\C-gomoku\오목만들기\오목만들기\오목.c(177,13): error C2065: 'ud': 선언되지 않은 식별자입니다.
C:\Users\Pc\Desktop\C-gomoku\오목만들기\오목만들기\오목.c(180,22): error C2065: 'st': 선언되지 않은 식별자입니다.
C:\Users\Pc\Desktop\C-gomoku\오목만들기\오목만들기\오목.c(180,20): error C2440: '함수': 'int'에서 'xy'(으)로 변환할 수 없습니다.
C:\Users\Pc\Desktop\C-gomoku\오목만들기\오목만들기\오목.c(180,20): warning C4024: 'search': 형식 및 실제 매개 변수 1의 형식이 서로 다릅니다.
C:\Users\Pc\Desktop\C-gomoku\오목만들기\오목만들기\오목.c(180,28): error C2065: 'maps': 선언되지 않은 식별자입니다.
C:\Users\Pc\Desktop\C-gomoku\오목만들기\오목만들기\오목.c(180,24): warning C4047: '함수': 'int (*)[20]'의 간접 참조 수준이 'int'과(와) 다릅니다.
C:\Users\Pc\Desktop\C-gomoku\오목만들기\오목만들기\오목.c(180,24): warning C4024: 'search': 형식 및 실제 매개 변수 2의 형식이 서로 다릅니다.
C:\Users\Pc\Desktop\C-gomoku\오목만들기\오목만들기\오목.c(180,34): error C2065: 'flag': 선언되지 않은 식별자입니다.
C:\Users\Pc\Desktop\C-gomoku\오목만들기\오목만들기\오목.c(180,37): error C2065: 'u': 선언되지 않은 식별자입니다.
C:\Users\Pc\Desktop\C-gomoku\오목만들기\오목만들기\오목.c(180,41): error C2065: 'ud': 선언되지 않은 식별자입니다.
C:\Users\Pc\Desktop\C-gomoku\오목만들기\오목만들기\오목.c(180,42): warning C4098: 'Board': 'void' 함수에서 값을 반환하고 있습니다.
C:\Users\Pc\Desktop\C-gomoku\오목만들기\오목만들기\오목.c(186,1): error C2143: 구문 오류: ';'이(가) '{' 앞에 없습니다.
C:\Users\Pc\Desktop\C-gomoku\오목만들기\오목만들기\오목.c(193,21): error C2065: 'st': 선언되지 않은 식별자입니다.
C:\Users\Pc\Desktop\C-gomoku\오목만들기\오목만들기\오목.c(193,19): error C2440: '함수': 'int'에서 'xy'(으)로 변환할 수 없습니다.
C:\Users\Pc\Desktop\C-gomoku\오목만들기\오목만들기\오목.c(193,19): warning C4024: 'search': 형식 및 실제 매개 변수 1의 형식이 서로 다릅니다.
C:\Users\Pc\Desktop\C-gomoku\오목만들기\오목만들기\오목.c(193,27): error C2065: 'maps': 선언되지 않은 식별자입니다.
C:\Users\Pc\Desktop\C-gomoku\오목만들기\오목만들기\오목.c(193,23): warning C4047: '함수': 'int (*)[20]'의 간접 참조 수준이 'int'과(와) 다릅니다.
C:\Users\Pc\Desktop\C-gomoku\오목만들기\오목만들기\오목.c(193,23): warning C4024: 'search': 형식 및 실제 매개 변수 2의 형식이 서로 다릅니다.
C:\Users\Pc\Desktop\C-gomoku\오목만들기\오목만들기\오목.c(193,33): error C2065: 'turn': 선언되지 않은 식별자입니다.
C:\Users\Pc\Desktop\C-gomoku\오목만들기\오목만들기\오목.c(194,21): error C2065: 'st': 선언되지 않은 식별자입니다.
C:\Users\Pc\Desktop\C-gomoku\오목만들기\오목만들기\오목.c(194,19): error C2440: '함수': 'int'에서 'xy'(으)로 변환할 수 없습니다.
C:\Users\Pc\Desktop\C-gomoku\오목만들기\오목만들기\오목.c(194,19): warning C4024: 'search': 형식 및 실제 매개 변수 1의 형식이 서로 다릅니다.
C:\Users\Pc\Desktop\C-gomoku\오목만들기\오목만들기\오목.c(194,27): error C2065: 'maps': 선언되지 않은 식별자입니다.
C:\Users\Pc\Desktop\C-gomoku\오목만들기\오목만들기\오목.c(194,23): warning C4047: '함수': 'int (*)[20]'의 간접 참조 수준이 'int'과(와) 다릅니다.
C:\Users\Pc\Desktop\C-gomoku\오목만들기\오목만들기\오목.c(194,23): warning C4024: 'search': 형식 및 실제 매개 변수 2의 형식이 서로 다릅니다.
C:\Users\Pc\Desktop\C-gomoku\오목만들기\오목만들기\오목.c(194,33): error C2065: 'turn': 선언되지 않은 식별자입니다.
C:\Users\Pc\Desktop\C-gomoku\오목만들기\오목만들기\오목.c(199,13): error C2065: 'turn': 선언되지 않은 식별자입니다.
C:\Users\Pc\Desktop\C-gomoku\오목만들기\오목만들기\오목.c(213,1): error C2143: 구문 오류: ';'이(가) '{' 앞에 없습니다.
C:\Users\Pc\Desktop\C-gomoku\오목만들기\오목만들기\오목.c(235,25): error C2065: 'maps': 선언되지 않은 식별자입니다.
C:\Users\Pc\Desktop\C-gomoku\오목만들기\오목만들기\오목.c(235,24): error C2109: 첨자는 배열 또는 포인터 형식을 사용해야 합니다.
C:\Users\Pc\Desktop\C-gomoku\오목만들기\오목만들기\오목.c(241,11): error C2065: 'maps': 선언되지 않은 식별자입니다.
C:\Users\Pc\Desktop\C-gomoku\오목만들기\오목만들기\오목.c(241,10): error C2109: 첨자는 배열 또는 포인터 형식을 사용해야 합니다.
C:\Users\Pc\Desktop\C-gomoku\오목만들기\오목만들기\오목.c(243,13): error C2001: 상수에 줄 바꿈 문자가 있습니다.
C:\Users\Pc\Desktop\C-gomoku\오목만들기\오목만들기\오목.c(244,6): error C2146: 구문 오류: ')'이(가) 'check' 식별자 앞에 없습니다.
C:\Users\Pc\Desktop\C-gomoku\오목만들기\오목만들기\오목.c(249,11): error C2065: 'maps': 선언되지 않은 식별자입니다.
C:\Users\Pc\Desktop\C-gomoku\오목만들기\오목만들기\오목.c(249,10): error C2109: 첨자는 배열 또는 포인터 형식을 사용해야 합니다.
C:\Users\Pc\Desktop\C-gomoku\오목만들기\오목만들기\오목.c(251,13): error C2001: 상수에 줄 바꿈 문자가 있습니다.
C:\Users\Pc\Desktop\C-gomoku\오목만들기\오목만들기\오목.c(252,6): error C2146: 구문 오류: ')'이(가) 'check' 식별자 앞에 없습니다.
C:\Users\Pc\Desktop\C-gomoku\오목만들기\오목만들기\오목.c(268,1): error C2143: 구문 오류: ';'이(가) '{' 앞에 없습니다.
C:\Users\Pc\Desktop\C-gomoku\오목만들기\오목만들기\오목.c(273,9): error C2065: 'maps': 선언되지 않은 식별자입니다.
C:\Users\Pc\Desktop\C-gomoku\오목만들기\오목만들기\오목.c(273,8): error C2109: 첨자는 배열 또는 포인터 형식을 사용해야 합니다.
C:\Users\Pc\Desktop\C-gomoku\오목만들기\오목만들기\오목.c(279,1): error C2143: 구문 오류: ';'이(가) '{' 앞에 없습니다.
C:\Users\Pc\Desktop\C-gomoku\오목만들기\오목만들기\오목.c(321,10): warning C4098: 'Board': 'void' 함수에서 값을 반환하고 있습니다.
C:\Users\Pc\Desktop\C-gomoku\오목만들기\오목만들기\오목.c(323,1): error C1004: 예기치 않은 파일의 끝이 나타났습니다.
